<?xml version="1.0" encoding="UTF-8"?>
<testng-results ignored="0" total="1" passed="1" failed="0" skipped="0">
  <reporter-output>
    <line>
      <![CDATA[Admin dashboard page is displaying]]>
    </line>
    <line>
      <![CDATA[Teacher is Displaying]]>
    </line>
  </reporter-output>
  <suite started-at="2023-05-30T12:38:33 IST" name="Default suite" finished-at="2023-05-30T12:39:02 IST" duration-ms="29163">
    <groups>
    </groups>
    <test started-at="2023-05-30T12:38:33 IST" name="Default test" finished-at="2023-05-30T12:39:02 IST" duration-ms="29163">
      <class name="sms.Subjectrouting.TestNG.Add_SubjectroutingTestNg">
        <test-method is-config="true" signature="config_BS()[pri:0, instance:sms.Subjectrouting.TestNG.Add_SubjectroutingTestNg@3e27aa33]" started-at="2023-05-30T12:38:33 IST" name="config_BS" finished-at="2023-05-30T12:38:33 IST" duration-ms="11" status="PASS">
          <reporter-output>
          </reporter-output>
        </test-method> <!-- config_BS -->
        <test-method is-config="true" signature="config_BC()[pri:0, instance:sms.Subjectrouting.TestNG.Add_SubjectroutingTestNg@3e27aa33]" started-at="2023-05-30T12:38:33 IST" name="config_BC" finished-at="2023-05-30T12:38:41 IST" duration-ms="7611" status="PASS">
          <reporter-output>
          </reporter-output>
        </test-method> <!-- config_BC -->
        <test-method is-config="true" signature="config_BM()[pri:0, instance:sms.Subjectrouting.TestNG.Add_SubjectroutingTestNg@3e27aa33]" started-at="2023-05-30T12:38:41 IST" name="config_BM" finished-at="2023-05-30T12:38:44 IST" duration-ms="3324" status="PASS">
          <reporter-output>
          </reporter-output>
        </test-method> <!-- config_BM -->
        <test-method signature="addteacher()[pri:0, instance:sms.Subjectrouting.TestNG.Add_SubjectroutingTestNg@3e27aa33]" started-at="2023-05-30T12:38:44 IST" name="addteacher" finished-at="2023-05-30T12:38:59 IST" duration-ms="15049" status="PASS">
          <reporter-output>
            <line>
              <![CDATA[Admin dashboard page is displaying]]>
            </line>
            <line>
              <![CDATA[Teacher is Displaying]]>
            </line>
          </reporter-output>
        </test-method> <!-- addteacher -->
        <test-method is-config="true" signature="config_AM()[pri:0, instance:sms.Subjectrouting.TestNG.Add_SubjectroutingTestNg@3e27aa33]" started-at="2023-05-30T12:38:59 IST" name="config_AM" finished-at="2023-05-30T12:39:02 IST" duration-ms="2457" status="PASS">
          <reporter-output>
          </reporter-output>
        </test-method> <!-- config_AM -->
        <test-method is-config="true" signature="config_AC()[pri:0, instance:sms.Subjectrouting.TestNG.Add_SubjectroutingTestNg@3e27aa33]" started-at="2023-05-30T12:39:02 IST" name="config_AC" finished-at="2023-05-30T12:39:02 IST" duration-ms="615" status="PASS">
          <reporter-output>
          </reporter-output>
        </test-method> <!-- config_AC -->
        <test-method is-config="true" signature="config_AS()[pri:0, instance:sms.Subjectrouting.TestNG.Add_SubjectroutingTestNg@3e27aa33]" started-at="2023-05-30T12:39:02 IST" name="config_AS" finished-at="2023-05-30T12:39:02 IST" duration-ms="1" status="PASS">
          <reporter-output>
          </reporter-output>
        </test-method> <!-- config_AS -->
      </class> <!-- sms.Subjectrouting.TestNG.Add_SubjectroutingTestNg -->
    </test> <!-- Default test -->
  </suite> <!-- Default suite -->
</testng-results>
